2020-04-04 18:06:13,040 - [INFO] - from org.deeplearning4j.DataUtilities in main
                
Starting data download (15MB)...

2020-04-04 18:06:22,351 - [INFO] - from org.deeplearning4j.DataUtilities in main
                
Data downloaded to 

2020-04-04 18:08:42,772 - [INFO] - from org.deeplearning4j.DataUtilities in main
                
Data (.tar.gz file) already exists at C:\Users\VINITK~1.ORA\AppData\Local\Temp\dl4j_Mnist\mnist_png.tar.gz

2020-04-04 18:08:42,778 - [INFO] - from org.deeplearning4j.DataUtilities in main
                
Data (extracted) already exists at C:\Users\VINITK~1.ORA\AppData\Local\Temp\dl4j_Mnist\mnist_png

2020-04-04 18:08:49,435 - [INFO] - from org.deeplearning4j.DataUtilities in main
                
Data (.tar.gz file) already exists at C:\Users\VINITK~1.ORA\AppData\Local\Temp\dl4j_Mnist\mnist_png.tar.gz

2020-04-04 18:08:49,443 - [INFO] - from org.deeplearning4j.DataUtilities in main
                
Data (extracted) already exists at C:\Users\VINITK~1.ORA\AppData\Local\Temp\dl4j_Mnist\mnist_png

2020-04-04 18:09:22,006 - [INFO] - from org.datavec.image.recordreader.BaseImageRecordReader in main
                
ImageRecordReader: 9 label classes inferred using label generator ParentPathLabelGenerator

2020-04-04 18:09:22,078 - [INFO] - from org.nd4j.linalg.factory.Nd4jBackend in main
                
Loaded [CpuBackend] backend

2020-04-04 18:09:23,633 - [INFO] - from org.datavec.image.recordreader.BaseImageRecordReader in main
                
ImageRecordReader: 9 label classes inferred using label generator ParentPathLabelGenerator

2020-04-04 18:09:23,713 - [INFO] - from org.nd4j.linalg.factory.Nd4jBackend in main
                
Loaded [CpuBackend] backend

2020-04-04 18:09:24,848 - [INFO] - from org.nd4j.nativeblas.NativeOpsHolder in main
                
Number of threads used for linear algebra: 4

2020-04-04 18:09:24,856 - [WARN] - from org.nd4j.linalg.cpu.nativecpu.CpuNDArrayFactory in main
                
*********************************** CPU Feature Check Warning ***********************************

2020-04-04 18:09:24,857 - [WARN] - from org.nd4j.linalg.cpu.nativecpu.CpuNDArrayFactory in main
                
Warning: Initializing ND4J with Generic x86 binary on a CPU with AVX/AVX2 support

2020-04-04 18:09:24,857 - [WARN] - from org.nd4j.linalg.cpu.nativecpu.CpuNDArrayFactory in main
                
Using ND4J with AVX/AVX2 will improve performance. See deeplearning4j.org/cpu for more details

2020-04-04 18:09:24,857 - [WARN] - from org.nd4j.linalg.cpu.nativecpu.CpuNDArrayFactory in main
                
Or set environment variable ND4J_IGNORE_AVX=true to suppress this warning

2020-04-04 18:09:24,857 - [WARN] - from org.nd4j.linalg.cpu.nativecpu.CpuNDArrayFactory in main
                
*************************************************************************************************

2020-04-04 18:09:24,966 - [INFO] - from org.nd4j.nativeblas.Nd4jBlas in main
                
Number of threads used for OpenMP BLAS: 4

2020-04-04 18:09:24,983 - [INFO] - from org.nd4j.linalg.api.ops.executioner.DefaultOpExecutioner in main
                
Backend used: [CPU]; OS: [Windows 10]

2020-04-04 18:09:24,983 - [INFO] - from org.nd4j.linalg.api.ops.executioner.DefaultOpExecutioner in main
                
Cores: [8]; Memory: [3.5GB];

2020-04-04 18:09:24,983 - [INFO] - from org.nd4j.linalg.api.ops.executioner.DefaultOpExecutioner in main
                
Blas vendor: [OPENBLAS]

2020-04-04 18:09:25,003 - [INFO] - from org.nd4j.nativeblas.NativeOpsHolder in main
                
Number of threads used for linear algebra: 4

2020-04-04 18:09:25,008 - [WARN] - from org.nd4j.linalg.cpu.nativecpu.CpuNDArrayFactory in main
                
*********************************** CPU Feature Check Warning ***********************************

2020-04-04 18:09:25,008 - [WARN] - from org.nd4j.linalg.cpu.nativecpu.CpuNDArrayFactory in main
                
Warning: Initializing ND4J with Generic x86 binary on a CPU with AVX/AVX2 support

2020-04-04 18:09:25,009 - [WARN] - from org.nd4j.linalg.cpu.nativecpu.CpuNDArrayFactory in main
                
Using ND4J with AVX/AVX2 will improve performance. See deeplearning4j.org/cpu for more details

2020-04-04 18:09:25,009 - [WARN] - from org.nd4j.linalg.cpu.nativecpu.CpuNDArrayFactory in main
                
Or set environment variable ND4J_IGNORE_AVX=true to suppress this warning

2020-04-04 18:09:25,009 - [WARN] - from org.nd4j.linalg.cpu.nativecpu.CpuNDArrayFactory in main
                
*************************************************************************************************

2020-04-04 18:09:25,117 - [INFO] - from org.nd4j.nativeblas.Nd4jBlas in main
                
Number of threads used for OpenMP BLAS: 4

2020-04-04 18:09:25,134 - [INFO] - from org.deeplearning4j.nn.multilayer.MultiLayerNetwork in main
                
Starting MultiLayerNetwork with WorkspaceModes set to [training: ENABLED; inference: ENABLED], cacheMode set to [NONE]

2020-04-04 18:09:25,136 - [INFO] - from org.nd4j.linalg.api.ops.executioner.DefaultOpExecutioner in main
                
Backend used: [CPU]; OS: [Windows 10]

2020-04-04 18:09:25,136 - [INFO] - from org.nd4j.linalg.api.ops.executioner.DefaultOpExecutioner in main
                
Cores: [8]; Memory: [3.5GB];

2020-04-04 18:09:25,137 - [INFO] - from org.nd4j.linalg.api.ops.executioner.DefaultOpExecutioner in main
                
Blas vendor: [OPENBLAS]

2020-04-04 18:09:25,317 - [INFO] - from org.deeplearning4j.nn.multilayer.MultiLayerNetwork in main
                
Starting MultiLayerNetwork with WorkspaceModes set to [training: ENABLED; inference: ENABLED], cacheMode set to [NONE]

2020-04-04 18:31:27,306 - [INFO] - from org.deeplearning4j.DataUtilities in main
                
Starting data download (15MB)...

2020-04-04 18:33:20,231 - [INFO] - from org.deeplearning4j.DataUtilities in main
                
Starting data download (15MB)...

2020-04-04 18:33:26,007 - [INFO] - from org.deeplearning4j.DataUtilities in main
                
Data downloaded to 

2020-04-04 18:36:01,722 - [INFO] - from org.datavec.image.recordreader.BaseImageRecordReader in main
                
ImageRecordReader: 10 label classes inferred using label generator ParentPathLabelGenerator

2020-04-04 18:36:01,773 - [INFO] - from org.nd4j.linalg.factory.Nd4jBackend in main
                
Loaded [CpuBackend] backend

2020-04-04 18:36:02,638 - [INFO] - from org.nd4j.nativeblas.NativeOpsHolder in main
                
Number of threads used for linear algebra: 4

2020-04-04 18:36:02,640 - [WARN] - from org.nd4j.linalg.cpu.nativecpu.CpuNDArrayFactory in main
                
*********************************** CPU Feature Check Warning ***********************************

2020-04-04 18:36:02,640 - [WARN] - from org.nd4j.linalg.cpu.nativecpu.CpuNDArrayFactory in main
                
Warning: Initializing ND4J with Generic x86 binary on a CPU with AVX/AVX2 support

2020-04-04 18:36:02,640 - [WARN] - from org.nd4j.linalg.cpu.nativecpu.CpuNDArrayFactory in main
                
Using ND4J with AVX/AVX2 will improve performance. See deeplearning4j.org/cpu for more details

2020-04-04 18:36:02,640 - [WARN] - from org.nd4j.linalg.cpu.nativecpu.CpuNDArrayFactory in main
                
Or set environment variable ND4J_IGNORE_AVX=true to suppress this warning

2020-04-04 18:36:02,641 - [WARN] - from org.nd4j.linalg.cpu.nativecpu.CpuNDArrayFactory in main
                
*************************************************************************************************

2020-04-04 18:36:02,685 - [INFO] - from org.nd4j.nativeblas.Nd4jBlas in main
                
Number of threads used for OpenMP BLAS: 4

2020-04-04 18:36:02,691 - [INFO] - from org.nd4j.linalg.api.ops.executioner.DefaultOpExecutioner in main
                
Backend used: [CPU]; OS: [Windows 10]

2020-04-04 18:36:02,691 - [INFO] - from org.nd4j.linalg.api.ops.executioner.DefaultOpExecutioner in main
                
Cores: [8]; Memory: [3.5GB];

2020-04-04 18:36:02,691 - [INFO] - from org.nd4j.linalg.api.ops.executioner.DefaultOpExecutioner in main
                
Blas vendor: [OPENBLAS]

2020-04-04 18:36:02,754 - [INFO] - from org.deeplearning4j.nn.multilayer.MultiLayerNetwork in main
                
Starting MultiLayerNetwork with WorkspaceModes set to [training: ENABLED; inference: ENABLED], cacheMode set to [NONE]

2020-04-04 18:36:08,511 - [INFO] - from org.deeplearning4j.optimize.listeners.ScoreIterationListener in main
                
Score at iteration 0 is 2.323100701895823

2020-04-04 18:36:08,957 - [INFO] - from org.deeplearning4j.optimize.listeners.ScoreIterationListener in main
                
Score at iteration 10 is 2.1569030784648886

2020-04-04 18:36:09,560 - [INFO] - from org.deeplearning4j.optimize.listeners.ScoreIterationListener in main
                
Score at iteration 20 is 1.7407857588319078

2020-04-04 18:36:10,141 - [INFO] - from org.deeplearning4j.optimize.listeners.ScoreIterationListener in main
                
Score at iteration 30 is 1.4537709792211122

2020-04-04 18:36:10,816 - [INFO] - from org.deeplearning4j.optimize.listeners.ScoreIterationListener in main
                
Score at iteration 40 is 1.2904025026662869

2020-04-04 18:36:11,421 - [INFO] - from org.deeplearning4j.optimize.listeners.ScoreIterationListener in main
                
Score at iteration 50 is 1.0110401414950958

2020-04-04 18:36:11,999 - [INFO] - from org.deeplearning4j.optimize.listeners.ScoreIterationListener in main
                
Score at iteration 60 is 0.8941350141357833

2020-04-04 18:36:12,565 - [INFO] - from org.deeplearning4j.optimize.listeners.ScoreIterationListener in main
                
Score at iteration 70 is 0.8915828206541917

2020-04-04 18:36:13,148 - [INFO] - from org.deeplearning4j.optimize.listeners.ScoreIterationListener in main
                
Score at iteration 80 is 0.7575408283350727

2020-04-04 18:36:13,766 - [INFO] - from org.deeplearning4j.optimize.listeners.ScoreIterationListener in main
                
Score at iteration 90 is 0.8134363575503556

2020-04-04 18:36:14,372 - [INFO] - from org.deeplearning4j.optimize.listeners.ScoreIterationListener in main
                
Score at iteration 100 is 0.7207700585530231

2020-04-04 18:36:14,989 - [INFO] - from org.deeplearning4j.optimize.listeners.ScoreIterationListener in main
                
Score at iteration 110 is 0.5536948664280559

2020-04-04 18:36:15,612 - [INFO] - from org.deeplearning4j.optimize.listeners.ScoreIterationListener in main
                
Score at iteration 120 is 0.519563681388123

2020-04-04 18:36:16,278 - [INFO] - from org.deeplearning4j.optimize.listeners.ScoreIterationListener in main
                
Score at iteration 130 is 0.5585846525695191

2020-04-04 18:36:16,884 - [INFO] - from org.deeplearning4j.optimize.listeners.ScoreIterationListener in main
                
Score at iteration 140 is 0.5380875834836121

2020-04-04 18:36:17,506 - [INFO] - from org.deeplearning4j.optimize.listeners.ScoreIterationListener in main
                
Score at iteration 150 is 0.6901215894215783

2020-04-04 18:36:18,154 - [INFO] - from org.deeplearning4j.optimize.listeners.ScoreIterationListener in main
                
Score at iteration 160 is 0.4236992450868028

2020-04-04 18:36:18,762 - [INFO] - from org.deeplearning4j.optimize.listeners.ScoreIterationListener in main
                
Score at iteration 170 is 0.38156430813279985

2020-04-04 18:36:19,375 - [INFO] - from org.deeplearning4j.optimize.listeners.ScoreIterationListener in main
                
Score at iteration 180 is 0.5693222597138834

2020-04-04 18:36:19,984 - [INFO] - from org.deeplearning4j.optimize.listeners.ScoreIterationListener in main
                
Score at iteration 190 is 0.49189334723027434

2020-04-04 18:36:20,590 - [INFO] - from org.deeplearning4j.optimize.listeners.ScoreIterationListener in main
                
Score at iteration 200 is 0.4260680108626249

2020-04-04 18:36:21,199 - [INFO] - from org.deeplearning4j.optimize.listeners.ScoreIterationListener in main
                
Score at iteration 210 is 0.4712813082511378

2020-04-04 18:36:21,847 - [INFO] - from org.deeplearning4j.optimize.listeners.ScoreIterationListener in main
                
Score at iteration 220 is 0.596709285691447

2020-04-04 18:36:22,462 - [INFO] - from org.deeplearning4j.optimize.listeners.ScoreIterationListener in main
                
Score at iteration 230 is 0.5158177236748356

2020-04-04 18:36:23,067 - [INFO] - from org.deeplearning4j.optimize.listeners.ScoreIterationListener in main
                
Score at iteration 240 is 0.30111615659205493

2020-04-04 18:36:23,671 - [INFO] - from org.deeplearning4j.optimize.listeners.ScoreIterationListener in main
                
Score at iteration 250 is 0.3209707830336517

2020-04-04 18:36:24,279 - [INFO] - from org.deeplearning4j.optimize.listeners.ScoreIterationListener in main
                
Score at iteration 260 is 0.4626833763785032

2020-04-04 18:36:24,877 - [INFO] - from org.deeplearning4j.optimize.listeners.ScoreIterationListener in main
                
Score at iteration 270 is 0.5044028104340383

2020-04-04 18:36:25,480 - [INFO] - from org.deeplearning4j.optimize.listeners.ScoreIterationListener in main
                
Score at iteration 280 is 0.4928104331682766

2020-04-04 18:36:26,110 - [INFO] - from org.deeplearning4j.optimize.listeners.ScoreIterationListener in main
                
Score at iteration 290 is 0.3812894645065139

2020-04-04 18:36:26,723 - [INFO] - from org.deeplearning4j.optimize.listeners.ScoreIterationListener in main
                
Score at iteration 300 is 0.41993263171792444

2020-04-04 18:36:27,357 - [INFO] - from org.deeplearning4j.optimize.listeners.ScoreIterationListener in main
                
Score at iteration 310 is 0.34624612205596084

2020-04-04 18:36:27,955 - [INFO] - from org.deeplearning4j.optimize.listeners.ScoreIterationListener in main
                
Score at iteration 320 is 0.35859104297720623

2020-04-04 18:36:28,597 - [INFO] - from org.deeplearning4j.optimize.listeners.ScoreIterationListener in main
                
Score at iteration 330 is 0.5251440960516761

2020-04-04 18:36:29,201 - [INFO] - from org.deeplearning4j.optimize.listeners.ScoreIterationListener in main
                
Score at iteration 340 is 0.45685425299168975

2020-04-04 18:36:29,812 - [INFO] - from org.deeplearning4j.optimize.listeners.ScoreIterationListener in main
                
Score at iteration 350 is 0.41620668477002964

2020-04-04 18:36:30,410 - [INFO] - from org.deeplearning4j.optimize.listeners.ScoreIterationListener in main
                
Score at iteration 360 is 0.36207697213441375

2020-04-04 18:36:31,007 - [INFO] - from org.deeplearning4j.optimize.listeners.ScoreIterationListener in main
                
Score at iteration 370 is 0.3032946422124629

2020-04-04 18:36:31,602 - [INFO] - from org.deeplearning4j.optimize.listeners.ScoreIterationListener in main
                
Score at iteration 380 is 0.4310984015995303

2020-04-04 18:36:32,235 - [INFO] - from org.deeplearning4j.optimize.listeners.ScoreIterationListener in main
                
Score at iteration 390 is 0.33234236273334

2020-04-04 18:36:32,849 - [INFO] - from org.deeplearning4j.optimize.listeners.ScoreIterationListener in main
                
Score at iteration 400 is 0.39907062513834973

2020-04-04 18:36:33,442 - [INFO] - from org.deeplearning4j.optimize.listeners.ScoreIterationListener in main
                
Score at iteration 410 is 0.3306638490562419

2020-04-04 18:36:34,045 - [INFO] - from org.deeplearning4j.optimize.listeners.ScoreIterationListener in main
                
Score at iteration 420 is 0.4571774622955353

2020-04-04 18:36:34,644 - [INFO] - from org.deeplearning4j.optimize.listeners.ScoreIterationListener in main
                
Score at iteration 430 is 0.3946611498888101

2020-04-04 18:36:35,285 - [INFO] - from org.deeplearning4j.optimize.listeners.ScoreIterationListener in main
                
Score at iteration 440 is 0.3061379918514096

2020-04-04 18:36:35,894 - [INFO] - from org.deeplearning4j.optimize.listeners.ScoreIterationListener in main
                
Score at iteration 450 is 0.36522998977563703

2020-04-04 18:36:36,662 - [INFO] - from org.deeplearning4j.optimize.listeners.ScoreIterationListener in main
                
Score at iteration 460 is 0.29955992771222484

2020-04-04 18:36:37,202 - [INFO] - from org.datavec.image.recordreader.BaseImageRecordReader in main
                
ImageRecordReader: 10 label classes inferred using label generator ParentPathLabelGenerator

2020-04-04 18:40:40,899 - [INFO] - from org.deeplearning4j.DataUtilities in main
                
Data (.tar.gz file) already exists at D:\ML\TrainingData\dl4j_Mnist\mnist_png.tar.gz

2020-04-04 18:41:59,435 - [INFO] - from org.deeplearning4j.DataUtilities in main
                
Data (.tar.gz file) already exists at D:\ML\TrainingData\dl4j_Mnist\mnist_png.tar.gz

2020-04-04 18:41:59,439 - [INFO] - from org.deeplearning4j.DataUtilities in main
                
Data (extracted) already exists at D:\ML\TrainingData\dl4j_Mnist\mnist_png

2020-04-04 18:42:11,096 - [INFO] - from org.datavec.image.recordreader.BaseImageRecordReader in main
                
ImageRecordReader: 10 label classes inferred using label generator ParentPathLabelGenerator

2020-04-04 18:42:11,169 - [INFO] - from org.nd4j.linalg.factory.Nd4jBackend in main
                
Loaded [CpuBackend] backend

2020-04-04 18:42:11,913 - [INFO] - from org.nd4j.nativeblas.NativeOpsHolder in main
                
Number of threads used for linear algebra: 4

2020-04-04 18:42:11,915 - [WARN] - from org.nd4j.linalg.cpu.nativecpu.CpuNDArrayFactory in main
                
*********************************** CPU Feature Check Warning ***********************************

2020-04-04 18:42:11,915 - [WARN] - from org.nd4j.linalg.cpu.nativecpu.CpuNDArrayFactory in main
                
Warning: Initializing ND4J with Generic x86 binary on a CPU with AVX/AVX2 support

2020-04-04 18:42:11,915 - [WARN] - from org.nd4j.linalg.cpu.nativecpu.CpuNDArrayFactory in main
                
Using ND4J with AVX/AVX2 will improve performance. See deeplearning4j.org/cpu for more details

2020-04-04 18:42:11,915 - [WARN] - from org.nd4j.linalg.cpu.nativecpu.CpuNDArrayFactory in main
                
Or set environment variable ND4J_IGNORE_AVX=true to suppress this warning

2020-04-04 18:42:11,915 - [WARN] - from org.nd4j.linalg.cpu.nativecpu.CpuNDArrayFactory in main
                
*************************************************************************************************

2020-04-04 18:42:11,960 - [INFO] - from org.nd4j.nativeblas.Nd4jBlas in main
                
Number of threads used for OpenMP BLAS: 4

2020-04-04 18:42:11,967 - [INFO] - from org.nd4j.linalg.api.ops.executioner.DefaultOpExecutioner in main
                
Backend used: [CPU]; OS: [Windows 10]

2020-04-04 18:42:11,967 - [INFO] - from org.nd4j.linalg.api.ops.executioner.DefaultOpExecutioner in main
                
Cores: [8]; Memory: [3.5GB];

2020-04-04 18:42:11,967 - [INFO] - from org.nd4j.linalg.api.ops.executioner.DefaultOpExecutioner in main
                
Blas vendor: [OPENBLAS]

2020-04-04 18:42:12,027 - [INFO] - from org.deeplearning4j.nn.multilayer.MultiLayerNetwork in main
                
Starting MultiLayerNetwork with WorkspaceModes set to [training: ENABLED; inference: ENABLED], cacheMode set to [NONE]

2020-04-04 18:42:16,337 - [INFO] - from org.deeplearning4j.optimize.listeners.ScoreIterationListener in main
                
Score at iteration 0 is 2.323100701895823

2020-04-04 18:42:16,781 - [INFO] - from org.deeplearning4j.optimize.listeners.ScoreIterationListener in main
                
Score at iteration 10 is 2.1569030784648886

2020-04-04 18:42:17,344 - [INFO] - from org.deeplearning4j.optimize.listeners.ScoreIterationListener in main
                
Score at iteration 20 is 1.7407857588319078

2020-04-04 18:42:17,906 - [INFO] - from org.deeplearning4j.optimize.listeners.ScoreIterationListener in main
                
Score at iteration 30 is 1.4537709792211122

2020-04-04 18:42:18,516 - [INFO] - from org.deeplearning4j.optimize.listeners.ScoreIterationListener in main
                
Score at iteration 40 is 1.2904025026662869

2020-04-04 18:42:19,109 - [INFO] - from org.deeplearning4j.optimize.listeners.ScoreIterationListener in main
                
Score at iteration 50 is 1.0110401414950958

2020-04-04 18:42:19,657 - [INFO] - from org.deeplearning4j.optimize.listeners.ScoreIterationListener in main
                
Score at iteration 60 is 0.8941350141357833

2020-04-04 18:42:20,197 - [INFO] - from org.deeplearning4j.optimize.listeners.ScoreIterationListener in main
                
Score at iteration 70 is 0.8915828206541917

2020-04-04 18:42:20,782 - [INFO] - from org.deeplearning4j.optimize.listeners.ScoreIterationListener in main
                
Score at iteration 80 is 0.7575408283350727

2020-04-04 18:42:21,375 - [INFO] - from org.deeplearning4j.optimize.listeners.ScoreIterationListener in main
                
Score at iteration 90 is 0.8134363575503556

2020-04-04 18:42:21,962 - [INFO] - from org.deeplearning4j.optimize.listeners.ScoreIterationListener in main
                
Score at iteration 100 is 0.7207700585530231

2020-04-04 18:42:22,543 - [INFO] - from org.deeplearning4j.optimize.listeners.ScoreIterationListener in main
                
Score at iteration 110 is 0.5536948664280559

2020-04-04 18:42:23,117 - [INFO] - from org.deeplearning4j.optimize.listeners.ScoreIterationListener in main
                
Score at iteration 120 is 0.519563681388123

2020-04-04 18:42:23,696 - [INFO] - from org.deeplearning4j.optimize.listeners.ScoreIterationListener in main
                
Score at iteration 130 is 0.5585846525695191

2020-04-04 18:42:24,275 - [INFO] - from org.deeplearning4j.optimize.listeners.ScoreIterationListener in main
                
Score at iteration 140 is 0.5380875834836121

2020-04-04 18:42:24,847 - [INFO] - from org.deeplearning4j.optimize.listeners.ScoreIterationListener in main
                
Score at iteration 150 is 0.6901215894215783

2020-04-04 18:42:25,447 - [INFO] - from org.deeplearning4j.optimize.listeners.ScoreIterationListener in main
                
Score at iteration 160 is 0.4236992450868028

2020-04-04 18:42:26,023 - [INFO] - from org.deeplearning4j.optimize.listeners.ScoreIterationListener in main
                
Score at iteration 170 is 0.38156430813279985

2020-04-04 18:42:26,592 - [INFO] - from org.deeplearning4j.optimize.listeners.ScoreIterationListener in main
                
Score at iteration 180 is 0.5693222597138834

2020-04-04 18:42:27,161 - [INFO] - from org.deeplearning4j.optimize.listeners.ScoreIterationListener in main
                
Score at iteration 190 is 0.49189334723027434

2020-04-04 18:42:27,731 - [INFO] - from org.deeplearning4j.optimize.listeners.ScoreIterationListener in main
                
Score at iteration 200 is 0.4260680108626249

2020-04-04 18:44:00,344 - [INFO] - from org.deeplearning4j.DataUtilities in main
                
Data (.tar.gz file) already exists at D:\ML\TrainingData\dl4j_Mnist\mnist_png.tar.gz

2020-04-04 18:44:00,348 - [INFO] - from org.deeplearning4j.DataUtilities in main
                
Data (extracted) already exists at D:\ML\TrainingData\dl4j_Mnist\mnist_png

2020-04-04 18:44:11,515 - [INFO] - from org.datavec.image.recordreader.BaseImageRecordReader in main
                
ImageRecordReader: 10 label classes inferred using label generator ParentPathLabelGenerator

2020-04-04 18:44:11,567 - [INFO] - from org.nd4j.linalg.factory.Nd4jBackend in main
                
Loaded [CpuBackend] backend

2020-04-04 18:44:12,218 - [INFO] - from org.nd4j.nativeblas.NativeOpsHolder in main
                
Number of threads used for linear algebra: 4

2020-04-04 18:44:12,220 - [WARN] - from org.nd4j.linalg.cpu.nativecpu.CpuNDArrayFactory in main
                
*********************************** CPU Feature Check Warning ***********************************

2020-04-04 18:44:12,220 - [WARN] - from org.nd4j.linalg.cpu.nativecpu.CpuNDArrayFactory in main
                
Warning: Initializing ND4J with Generic x86 binary on a CPU with AVX/AVX2 support

2020-04-04 18:44:12,220 - [WARN] - from org.nd4j.linalg.cpu.nativecpu.CpuNDArrayFactory in main
                
Using ND4J with AVX/AVX2 will improve performance. See deeplearning4j.org/cpu for more details

2020-04-04 18:44:12,220 - [WARN] - from org.nd4j.linalg.cpu.nativecpu.CpuNDArrayFactory in main
                
Or set environment variable ND4J_IGNORE_AVX=true to suppress this warning

2020-04-04 18:44:12,220 - [WARN] - from org.nd4j.linalg.cpu.nativecpu.CpuNDArrayFactory in main
                
*************************************************************************************************

2020-04-04 18:44:12,261 - [INFO] - from org.nd4j.nativeblas.Nd4jBlas in main
                
Number of threads used for OpenMP BLAS: 4

2020-04-04 18:44:12,269 - [INFO] - from org.nd4j.linalg.api.ops.executioner.DefaultOpExecutioner in main
                
Backend used: [CPU]; OS: [Windows 10]

2020-04-04 18:44:12,269 - [INFO] - from org.nd4j.linalg.api.ops.executioner.DefaultOpExecutioner in main
                
Cores: [8]; Memory: [3.5GB];

2020-04-04 18:44:12,269 - [INFO] - from org.nd4j.linalg.api.ops.executioner.DefaultOpExecutioner in main
                
Blas vendor: [OPENBLAS]

2020-04-04 18:44:12,327 - [INFO] - from org.deeplearning4j.nn.multilayer.MultiLayerNetwork in main
                
Starting MultiLayerNetwork with WorkspaceModes set to [training: ENABLED; inference: ENABLED], cacheMode set to [NONE]

2020-04-04 18:44:16,516 - [INFO] - from org.deeplearning4j.optimize.listeners.ScoreIterationListener in main
                
Score at iteration 0 is 2.3681556144629616

2020-04-04 18:44:16,936 - [INFO] - from org.deeplearning4j.optimize.listeners.ScoreIterationListener in main
                
Score at iteration 10 is 2.178174355282586

2020-04-04 18:44:17,489 - [INFO] - from org.deeplearning4j.optimize.listeners.ScoreIterationListener in main
                
Score at iteration 20 is 1.7756142983190288

2020-04-04 18:44:18,040 - [INFO] - from org.deeplearning4j.optimize.listeners.ScoreIterationListener in main
                
Score at iteration 30 is 1.5030721020329132

2020-04-04 18:44:18,629 - [INFO] - from org.deeplearning4j.optimize.listeners.ScoreIterationListener in main
                
Score at iteration 40 is 1.2601057820311734

2020-04-04 18:44:19,191 - [INFO] - from org.deeplearning4j.optimize.listeners.ScoreIterationListener in main
                
Score at iteration 50 is 1.1265537131940038

2020-04-04 18:44:19,722 - [INFO] - from org.deeplearning4j.optimize.listeners.ScoreIterationListener in main
                
Score at iteration 60 is 0.9226936450428134

2020-04-04 18:44:20,248 - [INFO] - from org.deeplearning4j.optimize.listeners.ScoreIterationListener in main
                
Score at iteration 70 is 0.8452810784524797

2020-04-04 18:44:20,809 - [INFO] - from org.deeplearning4j.optimize.listeners.ScoreIterationListener in main
                
Score at iteration 80 is 0.7517147325067122

2020-04-04 18:44:21,390 - [INFO] - from org.deeplearning4j.optimize.listeners.ScoreIterationListener in main
                
Score at iteration 90 is 0.6459126357397711

2020-04-04 18:44:21,959 - [INFO] - from org.deeplearning4j.optimize.listeners.ScoreIterationListener in main
                
Score at iteration 100 is 0.5794601901378392

2020-04-04 18:44:22,529 - [INFO] - from org.deeplearning4j.optimize.listeners.ScoreIterationListener in main
                
Score at iteration 110 is 0.602800086714659

2020-04-04 18:44:23,139 - [INFO] - from org.deeplearning4j.optimize.listeners.ScoreIterationListener in main
                
Score at iteration 120 is 0.6227511261835049

2020-04-04 18:44:23,701 - [INFO] - from org.deeplearning4j.optimize.listeners.ScoreIterationListener in main
                
Score at iteration 130 is 0.5783218729533858

2020-04-04 18:44:24,260 - [INFO] - from org.deeplearning4j.optimize.listeners.ScoreIterationListener in main
                
Score at iteration 140 is 0.5527848575501646

2020-04-04 18:44:24,825 - [INFO] - from org.deeplearning4j.optimize.listeners.ScoreIterationListener in main
                
Score at iteration 150 is 0.49921434202942044

2020-04-04 18:44:25,399 - [INFO] - from org.deeplearning4j.optimize.listeners.ScoreIterationListener in main
                
Score at iteration 160 is 0.4800147031877414

2020-04-04 18:44:25,965 - [INFO] - from org.deeplearning4j.optimize.listeners.ScoreIterationListener in main
                
Score at iteration 170 is 0.5934798152274121

2020-04-04 18:44:26,556 - [INFO] - from org.deeplearning4j.optimize.listeners.ScoreIterationListener in main
                
Score at iteration 180 is 0.6254703070081613

2020-04-04 18:44:27,117 - [INFO] - from org.deeplearning4j.optimize.listeners.ScoreIterationListener in main
                
Score at iteration 190 is 0.38264193989670137

2020-04-04 18:44:27,675 - [INFO] - from org.deeplearning4j.optimize.listeners.ScoreIterationListener in main
                
Score at iteration 200 is 0.5116529494661387

2020-04-04 18:44:28,238 - [INFO] - from org.deeplearning4j.optimize.listeners.ScoreIterationListener in main
                
Score at iteration 210 is 0.39988489300471647

2020-04-04 18:44:28,799 - [INFO] - from org.deeplearning4j.optimize.listeners.ScoreIterationListener in main
                
Score at iteration 220 is 0.5078522970094816

2020-04-04 18:44:29,367 - [INFO] - from org.deeplearning4j.optimize.listeners.ScoreIterationListener in main
                
Score at iteration 230 is 0.37472692241736716

2020-04-04 18:44:29,938 - [INFO] - from org.deeplearning4j.optimize.listeners.ScoreIterationListener in main
                
Score at iteration 240 is 0.3443550730698612

2020-04-04 18:44:30,500 - [INFO] - from org.deeplearning4j.optimize.listeners.ScoreIterationListener in main
                
Score at iteration 250 is 0.4575565381265275

2020-04-04 18:44:31,070 - [INFO] - from org.deeplearning4j.optimize.listeners.ScoreIterationListener in main
                
Score at iteration 260 is 0.43580804804059636

2020-04-04 18:44:31,731 - [INFO] - from org.deeplearning4j.optimize.listeners.ScoreIterationListener in main
                
Score at iteration 270 is 0.3268331895743862

2020-04-04 18:44:32,300 - [INFO] - from org.deeplearning4j.optimize.listeners.ScoreIterationListener in main
                
Score at iteration 280 is 0.41116254704006494

2020-04-04 18:44:32,870 - [INFO] - from org.deeplearning4j.optimize.listeners.ScoreIterationListener in main
                
Score at iteration 290 is 0.41902931655198233

2020-04-04 18:44:33,470 - [INFO] - from org.deeplearning4j.optimize.listeners.ScoreIterationListener in main
                
Score at iteration 300 is 0.32563519595039553

2020-04-04 18:44:34,036 - [INFO] - from org.deeplearning4j.optimize.listeners.ScoreIterationListener in main
                
Score at iteration 310 is 0.30217108569662804

2020-04-04 18:44:34,603 - [INFO] - from org.deeplearning4j.optimize.listeners.ScoreIterationListener in main
                
Score at iteration 320 is 0.5019714551754415

2020-04-04 18:44:35,186 - [INFO] - from org.deeplearning4j.optimize.listeners.ScoreIterationListener in main
                
Score at iteration 330 is 0.4117291580719166

2020-04-04 18:44:35,756 - [INFO] - from org.deeplearning4j.optimize.listeners.ScoreIterationListener in main
                
Score at iteration 340 is 0.42359004783145743

2020-04-04 18:44:36,320 - [INFO] - from org.deeplearning4j.optimize.listeners.ScoreIterationListener in main
                
Score at iteration 350 is 0.30145370690073275

2020-04-04 18:44:36,878 - [INFO] - from org.deeplearning4j.optimize.listeners.ScoreIterationListener in main
                
Score at iteration 360 is 0.4088473202505261

2020-04-04 18:44:37,443 - [INFO] - from org.deeplearning4j.optimize.listeners.ScoreIterationListener in main
                
Score at iteration 370 is 0.284097777634586

2020-04-04 18:44:38,012 - [INFO] - from org.deeplearning4j.optimize.listeners.ScoreIterationListener in main
                
Score at iteration 380 is 0.3252133654465919

2020-04-04 18:44:38,576 - [INFO] - from org.deeplearning4j.optimize.listeners.ScoreIterationListener in main
                
Score at iteration 390 is 0.21690819816310497

2020-04-04 18:44:39,136 - [INFO] - from org.deeplearning4j.optimize.listeners.ScoreIterationListener in main
                
Score at iteration 400 is 0.41455193576674854

2020-04-04 18:44:39,697 - [INFO] - from org.deeplearning4j.optimize.listeners.ScoreIterationListener in main
                
Score at iteration 410 is 0.3028593069367975

2020-04-04 18:44:40,267 - [INFO] - from org.deeplearning4j.optimize.listeners.ScoreIterationListener in main
                
Score at iteration 420 is 0.3668862769125797

2020-04-04 18:44:40,834 - [INFO] - from org.deeplearning4j.optimize.listeners.ScoreIterationListener in main
                
Score at iteration 430 is 0.33119704604146266

2020-04-04 18:44:41,398 - [INFO] - from org.deeplearning4j.optimize.listeners.ScoreIterationListener in main
                
Score at iteration 440 is 0.4971597083102052

2020-04-04 18:44:41,962 - [INFO] - from org.deeplearning4j.optimize.listeners.ScoreIterationListener in main
                
Score at iteration 450 is 0.2400823014999114

2020-04-04 18:44:42,548 - [INFO] - from org.deeplearning4j.optimize.listeners.ScoreIterationListener in main
                
Score at iteration 460 is 0.31638526174034876

2020-04-04 18:44:43,006 - [INFO] - from org.datavec.image.recordreader.BaseImageRecordReader in main
                
ImageRecordReader: 10 label classes inferred using label generator ParentPathLabelGenerator

2020-04-06 10:26:23,006 - [INFO] - from org.deeplearning4j.DataUtilities in main
                
Data (.tar.gz file) already exists at D:\ML\TrainingData\dl4j_Mnist\mnist_png.tar.gz

2020-04-06 10:26:23,013 - [INFO] - from org.deeplearning4j.DataUtilities in main
                
Data (extracted) already exists at D:\ML\TrainingData\dl4j_Mnist\mnist_png

2020-04-06 10:26:52,204 - [INFO] - from org.datavec.image.recordreader.BaseImageRecordReader in main
                
ImageRecordReader: 10 label classes inferred using label generator ParentPathLabelGenerator

2020-04-06 10:26:52,314 - [INFO] - from org.nd4j.linalg.factory.Nd4jBackend in main
                
Loaded [CpuBackend] backend

2020-04-06 10:26:53,718 - [INFO] - from org.nd4j.nativeblas.NativeOpsHolder in main
                
Number of threads used for linear algebra: 4

2020-04-06 10:26:53,721 - [WARN] - from org.nd4j.linalg.cpu.nativecpu.CpuNDArrayFactory in main
                
*********************************** CPU Feature Check Warning ***********************************

2020-04-06 10:26:53,721 - [WARN] - from org.nd4j.linalg.cpu.nativecpu.CpuNDArrayFactory in main
                
Warning: Initializing ND4J with Generic x86 binary on a CPU with AVX/AVX2 support

2020-04-06 10:26:53,721 - [WARN] - from org.nd4j.linalg.cpu.nativecpu.CpuNDArrayFactory in main
                
Using ND4J with AVX/AVX2 will improve performance. See deeplearning4j.org/cpu for more details

2020-04-06 10:26:53,721 - [WARN] - from org.nd4j.linalg.cpu.nativecpu.CpuNDArrayFactory in main
                
Or set environment variable ND4J_IGNORE_AVX=true to suppress this warning

2020-04-06 10:26:53,721 - [WARN] - from org.nd4j.linalg.cpu.nativecpu.CpuNDArrayFactory in main
                
*************************************************************************************************

2020-04-06 10:26:53,778 - [INFO] - from org.nd4j.nativeblas.Nd4jBlas in main
                
Number of threads used for OpenMP BLAS: 4

2020-04-06 10:26:53,792 - [INFO] - from org.nd4j.linalg.api.ops.executioner.DefaultOpExecutioner in main
                
Backend used: [CPU]; OS: [Windows 10]

2020-04-06 10:26:53,792 - [INFO] - from org.nd4j.linalg.api.ops.executioner.DefaultOpExecutioner in main
                
Cores: [8]; Memory: [3.5GB];

2020-04-06 10:26:53,792 - [INFO] - from org.nd4j.linalg.api.ops.executioner.DefaultOpExecutioner in main
                
Blas vendor: [OPENBLAS]

2020-04-06 10:26:53,904 - [INFO] - from org.deeplearning4j.nn.multilayer.MultiLayerNetwork in main
                
Starting MultiLayerNetwork with WorkspaceModes set to [training: ENABLED; inference: ENABLED], cacheMode set to [NONE]

2020-04-06 10:27:00,944 - [INFO] - from org.deeplearning4j.optimize.listeners.ScoreIterationListener in main
                
Score at iteration 0 is 2.3681556144629616

2020-04-06 10:27:02,126 - [INFO] - from org.deeplearning4j.optimize.listeners.ScoreIterationListener in main
                
Score at iteration 10 is 2.178174355282586

2020-04-06 10:27:03,408 - [INFO] - from org.deeplearning4j.optimize.listeners.ScoreIterationListener in main
                
Score at iteration 20 is 1.7756142983190288

2020-04-06 10:27:04,489 - [INFO] - from org.deeplearning4j.optimize.listeners.ScoreIterationListener in main
                
Score at iteration 30 is 1.5030721020329132

2020-04-06 10:27:05,747 - [INFO] - from org.deeplearning4j.optimize.listeners.ScoreIterationListener in main
                
Score at iteration 40 is 1.2601057820311734

2020-04-06 10:27:06,695 - [INFO] - from org.deeplearning4j.optimize.listeners.ScoreIterationListener in main
                
Score at iteration 50 is 1.1265537131940038

2020-04-06 10:27:07,501 - [INFO] - from org.deeplearning4j.optimize.listeners.ScoreIterationListener in main
                
Score at iteration 60 is 0.9226936450428134

2020-04-06 10:27:08,214 - [INFO] - from org.deeplearning4j.optimize.listeners.ScoreIterationListener in main
                
Score at iteration 70 is 0.8452810784524797

2020-04-06 10:27:08,968 - [INFO] - from org.deeplearning4j.optimize.listeners.ScoreIterationListener in main
                
Score at iteration 80 is 0.7517147325067122

2020-04-06 10:27:09,714 - [INFO] - from org.deeplearning4j.optimize.listeners.ScoreIterationListener in main
                
Score at iteration 90 is 0.6459126357397711

2020-04-06 10:27:10,334 - [INFO] - from org.deeplearning4j.optimize.listeners.ScoreIterationListener in main
                
Score at iteration 100 is 0.5794601901378392

2020-04-06 10:27:11,028 - [INFO] - from org.deeplearning4j.optimize.listeners.ScoreIterationListener in main
                
Score at iteration 110 is 0.602800086714659

2020-04-06 10:27:11,701 - [INFO] - from org.deeplearning4j.optimize.listeners.ScoreIterationListener in main
                
Score at iteration 120 is 0.6227511261835049

2020-04-06 10:27:12,371 - [INFO] - from org.deeplearning4j.optimize.listeners.ScoreIterationListener in main
                
Score at iteration 130 is 0.5783218729533858

2020-04-06 10:27:13,014 - [INFO] - from org.deeplearning4j.optimize.listeners.ScoreIterationListener in main
                
Score at iteration 140 is 0.5527848575501646

2020-04-06 10:27:13,674 - [INFO] - from org.deeplearning4j.optimize.listeners.ScoreIterationListener in main
                
Score at iteration 150 is 0.49921434202942044

2020-04-06 10:27:14,329 - [INFO] - from org.deeplearning4j.optimize.listeners.ScoreIterationListener in main
                
Score at iteration 160 is 0.4800147031877414

2020-04-06 10:27:14,973 - [INFO] - from org.deeplearning4j.optimize.listeners.ScoreIterationListener in main
                
Score at iteration 170 is 0.5934798152274121

2020-04-06 10:27:15,649 - [INFO] - from org.deeplearning4j.optimize.listeners.ScoreIterationListener in main
                
Score at iteration 180 is 0.6254703070081613

2020-04-06 10:27:16,351 - [INFO] - from org.deeplearning4j.optimize.listeners.ScoreIterationListener in main
                
Score at iteration 190 is 0.38264193989670137

2020-04-06 10:27:16,997 - [INFO] - from org.deeplearning4j.optimize.listeners.ScoreIterationListener in main
                
Score at iteration 200 is 0.5116529494661387

2020-04-06 10:27:17,634 - [INFO] - from org.deeplearning4j.optimize.listeners.ScoreIterationListener in main
                
Score at iteration 210 is 0.39988489300471647

2020-04-06 10:27:18,321 - [INFO] - from org.deeplearning4j.optimize.listeners.ScoreIterationListener in main
                
Score at iteration 220 is 0.5078522970094816

2020-04-06 10:27:19,020 - [INFO] - from org.deeplearning4j.optimize.listeners.ScoreIterationListener in main
                
Score at iteration 230 is 0.37472692241736716

2020-04-06 10:27:19,671 - [INFO] - from org.deeplearning4j.optimize.listeners.ScoreIterationListener in main
                
Score at iteration 240 is 0.3443550730698612

2020-04-06 10:27:20,332 - [INFO] - from org.deeplearning4j.optimize.listeners.ScoreIterationListener in main
                
Score at iteration 250 is 0.4575565381265275

2020-04-06 10:27:21,006 - [INFO] - from org.deeplearning4j.optimize.listeners.ScoreIterationListener in main
                
Score at iteration 260 is 0.43580804804059636

2020-04-06 10:27:21,673 - [INFO] - from org.deeplearning4j.optimize.listeners.ScoreIterationListener in main
                
Score at iteration 270 is 0.3268331895743862

2020-04-06 10:27:22,381 - [INFO] - from org.deeplearning4j.optimize.listeners.ScoreIterationListener in main
                
Score at iteration 280 is 0.41116254704006494

2020-04-06 10:27:23,126 - [INFO] - from org.deeplearning4j.optimize.listeners.ScoreIterationListener in main
                
Score at iteration 290 is 0.41902931655198233

2020-04-06 10:27:23,779 - [INFO] - from org.deeplearning4j.optimize.listeners.ScoreIterationListener in main
                
Score at iteration 300 is 0.32563519595039553

2020-04-06 10:27:24,428 - [INFO] - from org.deeplearning4j.optimize.listeners.ScoreIterationListener in main
                
Score at iteration 310 is 0.30217108569662804

2020-04-06 10:27:25,061 - [INFO] - from org.deeplearning4j.optimize.listeners.ScoreIterationListener in main
                
Score at iteration 320 is 0.5019714551754415

2020-04-06 10:27:25,729 - [INFO] - from org.deeplearning4j.optimize.listeners.ScoreIterationListener in main
                
Score at iteration 330 is 0.4117291580719166

2020-04-06 10:27:26,381 - [INFO] - from org.deeplearning4j.optimize.listeners.ScoreIterationListener in main
                
Score at iteration 340 is 0.42359004783145743

2020-04-06 10:27:27,023 - [INFO] - from org.deeplearning4j.optimize.listeners.ScoreIterationListener in main
                
Score at iteration 350 is 0.30145370690073275

2020-04-06 10:27:27,661 - [INFO] - from org.deeplearning4j.optimize.listeners.ScoreIterationListener in main
                
Score at iteration 360 is 0.4088473202505261

2020-04-06 10:27:28,306 - [INFO] - from org.deeplearning4j.optimize.listeners.ScoreIterationListener in main
                
Score at iteration 370 is 0.284097777634586

2020-04-06 10:27:28,993 - [INFO] - from org.deeplearning4j.optimize.listeners.ScoreIterationListener in main
                
Score at iteration 380 is 0.3252133654465919

2020-04-06 10:27:29,639 - [INFO] - from org.deeplearning4j.optimize.listeners.ScoreIterationListener in main
                
Score at iteration 390 is 0.21690819816310497

2020-04-06 10:27:30,356 - [INFO] - from org.deeplearning4j.optimize.listeners.ScoreIterationListener in main
                
Score at iteration 400 is 0.41455193576674854

2020-04-06 10:27:30,998 - [INFO] - from org.deeplearning4j.optimize.listeners.ScoreIterationListener in main
                
Score at iteration 410 is 0.3028593069367975

2020-04-06 10:27:31,658 - [INFO] - from org.deeplearning4j.optimize.listeners.ScoreIterationListener in main
                
Score at iteration 420 is 0.3668862769125797

2020-04-06 10:27:32,353 - [INFO] - from org.deeplearning4j.optimize.listeners.ScoreIterationListener in main
                
Score at iteration 430 is 0.33119704604146266

2020-04-06 10:27:33,068 - [INFO] - from org.deeplearning4j.optimize.listeners.ScoreIterationListener in main
                
Score at iteration 440 is 0.4971597083102052

2020-04-06 10:27:33,717 - [INFO] - from org.deeplearning4j.optimize.listeners.ScoreIterationListener in main
                
Score at iteration 450 is 0.2400823014999114

2020-04-06 10:27:34,410 - [INFO] - from org.deeplearning4j.optimize.listeners.ScoreIterationListener in main
                
Score at iteration 460 is 0.31638526174034876

2020-04-06 10:27:34,907 - [INFO] - from org.datavec.image.recordreader.BaseImageRecordReader in main
                
ImageRecordReader: 10 label classes inferred using label generator ParentPathLabelGenerator

2020-04-16 13:39:12,617 - [INFO] - from org.deeplearning4j.DataUtilities in main
                
Data (.tar.gz file) already exists at D:\ML\TrainingData\dl4j_Mnist\mnist_png.tar.gz

2020-04-16 13:39:12,628 - [INFO] - from org.deeplearning4j.DataUtilities in main
                
Data (extracted) already exists at D:\ML\TrainingData\dl4j_Mnist\mnist_png

2020-04-16 13:39:46,853 - [INFO] - from org.datavec.image.recordreader.BaseImageRecordReader in main
                
ImageRecordReader: 10 label classes inferred using label generator ParentPathLabelGenerator

2020-04-16 13:39:46,966 - [INFO] - from org.nd4j.linalg.factory.Nd4jBackend in main
                
Loaded [CpuBackend] backend

2020-04-16 13:39:53,511 - [INFO] - from org.nd4j.nativeblas.NativeOpsHolder in main
                
Number of threads used for linear algebra: 4

2020-04-16 13:39:53,514 - [WARN] - from org.nd4j.linalg.cpu.nativecpu.CpuNDArrayFactory in main
                
*********************************** CPU Feature Check Warning ***********************************

2020-04-16 13:39:53,514 - [WARN] - from org.nd4j.linalg.cpu.nativecpu.CpuNDArrayFactory in main
                
Warning: Initializing ND4J with Generic x86 binary on a CPU with AVX/AVX2 support

2020-04-16 13:39:53,514 - [WARN] - from org.nd4j.linalg.cpu.nativecpu.CpuNDArrayFactory in main
                
Using ND4J with AVX/AVX2 will improve performance. See deeplearning4j.org/cpu for more details

2020-04-16 13:39:53,514 - [WARN] - from org.nd4j.linalg.cpu.nativecpu.CpuNDArrayFactory in main
                
Or set environment variable ND4J_IGNORE_AVX=true to suppress this warning

2020-04-16 13:39:53,514 - [WARN] - from org.nd4j.linalg.cpu.nativecpu.CpuNDArrayFactory in main
                
*************************************************************************************************

2020-04-16 13:39:53,578 - [INFO] - from org.nd4j.nativeblas.Nd4jBlas in main
                
Number of threads used for OpenMP BLAS: 4

2020-04-16 13:39:53,593 - [INFO] - from org.nd4j.linalg.api.ops.executioner.DefaultOpExecutioner in main
                
Backend used: [CPU]; OS: [Windows 10]

2020-04-16 13:39:53,593 - [INFO] - from org.nd4j.linalg.api.ops.executioner.DefaultOpExecutioner in main
                
Cores: [8]; Memory: [3.5GB];

2020-04-16 13:39:53,593 - [INFO] - from org.nd4j.linalg.api.ops.executioner.DefaultOpExecutioner in main
                
Blas vendor: [OPENBLAS]

2020-04-16 13:39:53,714 - [INFO] - from org.deeplearning4j.nn.multilayer.MultiLayerNetwork in main
                
Starting MultiLayerNetwork with WorkspaceModes set to [training: ENABLED; inference: ENABLED], cacheMode set to [NONE]

2020-04-16 13:40:02,621 - [INFO] - from org.deeplearning4j.optimize.listeners.ScoreIterationListener in main
                
Score at iteration 0 is 2.3681556144629616

2020-04-16 13:40:04,289 - [INFO] - from org.deeplearning4j.optimize.listeners.ScoreIterationListener in main
                
Score at iteration 10 is 2.178174355282586

2020-04-16 13:40:05,863 - [INFO] - from org.deeplearning4j.optimize.listeners.ScoreIterationListener in main
                
Score at iteration 20 is 1.7756142983190288

2020-04-16 13:40:07,416 - [INFO] - from org.deeplearning4j.optimize.listeners.ScoreIterationListener in main
                
Score at iteration 30 is 1.5030721020329132

2020-04-16 13:40:08,770 - [INFO] - from org.deeplearning4j.optimize.listeners.ScoreIterationListener in main
                
Score at iteration 40 is 1.2601057820311734

2020-04-16 13:40:10,257 - [INFO] - from org.deeplearning4j.optimize.listeners.ScoreIterationListener in main
                
Score at iteration 50 is 1.1265537131940038

2020-04-16 13:40:11,438 - [INFO] - from org.deeplearning4j.optimize.listeners.ScoreIterationListener in main
                
Score at iteration 60 is 0.9226936450428134

2020-04-16 13:40:12,539 - [INFO] - from org.deeplearning4j.optimize.listeners.ScoreIterationListener in main
                
Score at iteration 70 is 0.8452810784524797

2020-04-16 13:40:14,013 - [INFO] - from org.deeplearning4j.optimize.listeners.ScoreIterationListener in main
                
Score at iteration 80 is 0.7517147325067122

2020-04-16 13:40:15,097 - [INFO] - from org.deeplearning4j.optimize.listeners.ScoreIterationListener in main
                
Score at iteration 90 is 0.6459126357397711

2020-04-16 13:40:16,320 - [INFO] - from org.deeplearning4j.optimize.listeners.ScoreIterationListener in main
                
Score at iteration 100 is 0.5794601901378392

2020-04-16 13:40:17,387 - [INFO] - from org.deeplearning4j.optimize.listeners.ScoreIterationListener in main
                
Score at iteration 110 is 0.602800086714659

2020-04-16 13:40:19,004 - [INFO] - from org.deeplearning4j.optimize.listeners.ScoreIterationListener in main
                
Score at iteration 120 is 0.6227511261835049

2020-04-16 13:40:20,492 - [INFO] - from org.deeplearning4j.optimize.listeners.ScoreIterationListener in main
                
Score at iteration 130 is 0.5783218729533858

2020-04-16 13:40:21,942 - [INFO] - from org.deeplearning4j.optimize.listeners.ScoreIterationListener in main
                
Score at iteration 140 is 0.5527848575501646

2020-04-16 13:40:23,050 - [INFO] - from org.deeplearning4j.optimize.listeners.ScoreIterationListener in main
                
Score at iteration 150 is 0.49921434202942044

2020-04-16 13:40:24,442 - [INFO] - from org.deeplearning4j.optimize.listeners.ScoreIterationListener in main
                
Score at iteration 160 is 0.4800147031877414

2020-04-16 13:40:25,640 - [INFO] - from org.deeplearning4j.optimize.listeners.ScoreIterationListener in main
                
Score at iteration 170 is 0.5934798152274121

2020-04-16 13:40:27,019 - [INFO] - from org.deeplearning4j.optimize.listeners.ScoreIterationListener in main
                
Score at iteration 180 is 0.6254703070081613

2020-04-16 13:40:28,656 - [INFO] - from org.deeplearning4j.optimize.listeners.ScoreIterationListener in main
                
Score at iteration 190 is 0.38264193989670137

2020-04-16 13:40:30,548 - [INFO] - from org.deeplearning4j.optimize.listeners.ScoreIterationListener in main
                
Score at iteration 200 is 0.5116529494661387

2020-04-16 13:40:32,023 - [INFO] - from org.deeplearning4j.optimize.listeners.ScoreIterationListener in main
                
Score at iteration 210 is 0.39988489300471647

2020-04-16 13:40:33,460 - [INFO] - from org.deeplearning4j.optimize.listeners.ScoreIterationListener in main
                
Score at iteration 220 is 0.5078522970094816

2020-04-16 13:40:35,632 - [INFO] - from org.deeplearning4j.optimize.listeners.ScoreIterationListener in main
                
Score at iteration 230 is 0.37472692241736716

2020-04-16 13:40:36,995 - [INFO] - from org.deeplearning4j.optimize.listeners.ScoreIterationListener in main
                
Score at iteration 240 is 0.3443550730698612

2020-04-16 13:40:38,066 - [INFO] - from org.deeplearning4j.optimize.listeners.ScoreIterationListener in main
                
Score at iteration 250 is 0.4575565381265275

2020-04-16 13:40:39,386 - [INFO] - from org.deeplearning4j.optimize.listeners.ScoreIterationListener in main
                
Score at iteration 260 is 0.43580804804059636

2020-04-16 13:40:40,609 - [INFO] - from org.deeplearning4j.optimize.listeners.ScoreIterationListener in main
                
Score at iteration 270 is 0.3268331895743862

2020-04-16 13:40:41,656 - [INFO] - from org.deeplearning4j.optimize.listeners.ScoreIterationListener in main
                
Score at iteration 280 is 0.41116254704006494

2020-04-16 13:40:42,718 - [INFO] - from org.deeplearning4j.optimize.listeners.ScoreIterationListener in main
                
Score at iteration 290 is 0.41902931655198233

2020-04-16 13:40:43,815 - [INFO] - from org.deeplearning4j.optimize.listeners.ScoreIterationListener in main
                
Score at iteration 300 is 0.32563519595039553

2020-04-16 13:40:44,956 - [INFO] - from org.deeplearning4j.optimize.listeners.ScoreIterationListener in main
                
Score at iteration 310 is 0.30217108569662804

2020-04-16 13:40:46,028 - [INFO] - from org.deeplearning4j.optimize.listeners.ScoreIterationListener in main
                
Score at iteration 320 is 0.5019714551754415

2020-04-16 13:40:47,149 - [INFO] - from org.deeplearning4j.optimize.listeners.ScoreIterationListener in main
                
Score at iteration 330 is 0.4117291580719166

2020-04-16 13:40:48,289 - [INFO] - from org.deeplearning4j.optimize.listeners.ScoreIterationListener in main
                
Score at iteration 340 is 0.42359004783145743

2020-04-16 13:40:49,510 - [INFO] - from org.deeplearning4j.optimize.listeners.ScoreIterationListener in main
                
Score at iteration 350 is 0.30145370690073275

2020-04-16 13:40:50,639 - [INFO] - from org.deeplearning4j.optimize.listeners.ScoreIterationListener in main
                
Score at iteration 360 is 0.4088473202505261

2020-04-16 13:40:51,702 - [INFO] - from org.deeplearning4j.optimize.listeners.ScoreIterationListener in main
                
Score at iteration 370 is 0.284097777634586

2020-04-16 13:40:52,777 - [INFO] - from org.deeplearning4j.optimize.listeners.ScoreIterationListener in main
                
Score at iteration 380 is 0.3252133654465919

2020-04-16 13:40:53,893 - [INFO] - from org.deeplearning4j.optimize.listeners.ScoreIterationListener in main
                
Score at iteration 390 is 0.21690819816310497

2020-04-16 13:40:55,114 - [INFO] - from org.deeplearning4j.optimize.listeners.ScoreIterationListener in main
                
Score at iteration 400 is 0.41455193576674854

2020-04-16 13:40:56,166 - [INFO] - from org.deeplearning4j.optimize.listeners.ScoreIterationListener in main
                
Score at iteration 410 is 0.3028593069367975

2020-04-16 13:40:57,236 - [INFO] - from org.deeplearning4j.optimize.listeners.ScoreIterationListener in main
                
Score at iteration 420 is 0.3668862769125797

2020-04-16 13:40:58,401 - [INFO] - from org.deeplearning4j.optimize.listeners.ScoreIterationListener in main
                
Score at iteration 430 is 0.33119704604146266

2020-04-16 13:40:59,617 - [INFO] - from org.deeplearning4j.optimize.listeners.ScoreIterationListener in main
                
Score at iteration 440 is 0.4971597083102052

2020-04-16 13:41:00,693 - [INFO] - from org.deeplearning4j.optimize.listeners.ScoreIterationListener in main
                
Score at iteration 450 is 0.2400823014999114

2020-04-16 13:41:01,735 - [INFO] - from org.deeplearning4j.optimize.listeners.ScoreIterationListener in main
                
Score at iteration 460 is 0.31638526174034876

2020-04-16 13:41:02,742 - [INFO] - from org.datavec.image.recordreader.BaseImageRecordReader in main
                
ImageRecordReader: 10 label classes inferred using label generator ParentPathLabelGenerator

